{"/Applications/XAMPP/xamppfiles/htdocs/assignment-5/backend/DatabaseDriver.js":{"path":"/Applications/XAMPP/xamppfiles/htdocs/assignment-5/backend/DatabaseDriver.js","s":{"1":1,"2":1,"3":1,"4":1,"5":1,"6":1,"7":1,"8":1,"9":1,"10":1,"11":0,"12":1,"13":8,"14":1,"15":1,"16":1,"17":0,"18":1},"b":{},"f":{"1":1,"2":1,"3":1,"4":0,"5":8,"6":1,"7":0},"fnMap":{"1":{"name":"(anonymous_1)","line":12,"loc":{"start":{"line":12,"column":21},"end":{"line":12,"column":65}}},"2":{"name":"(anonymous_2)","line":21,"loc":{"start":{"line":21,"column":35},"end":{"line":21,"column":54}}},"3":{"name":"(anonymous_3)","line":24,"loc":{"start":{"line":24,"column":37},"end":{"line":24,"column":55}}},"4":{"name":"(anonymous_4)","line":33,"loc":{"start":{"line":33,"column":49},"end":{"line":33,"column":59}}},"5":{"name":"(anonymous_5)","line":40,"loc":{"start":{"line":40,"column":41},"end":{"line":40,"column":65}}},"6":{"name":"(anonymous_6)","line":47,"loc":{"start":{"line":47,"column":44},"end":{"line":47,"column":54}}},"7":{"name":"(anonymous_7)","line":54,"loc":{"start":{"line":54,"column":42},"end":{"line":54,"column":52}}}},"statementMap":{"1":{"start":{"line":6,"column":0},"end":{"line":6,"column":31}},"2":{"start":{"line":12,"column":0},"end":{"line":16,"column":2}},"3":{"start":{"line":14,"column":1},"end":{"line":14,"column":66}},"4":{"start":{"line":15,"column":1},"end":{"line":15,"column":16}},"5":{"start":{"line":21,"column":0},"end":{"line":28,"column":2}},"6":{"start":{"line":22,"column":1},"end":{"line":22,"column":18}},"7":{"start":{"line":24,"column":1},"end":{"line":27,"column":4}},"8":{"start":{"line":25,"column":2},"end":{"line":25,"column":16}},"9":{"start":{"line":26,"column":2},"end":{"line":26,"column":20}},"10":{"start":{"line":33,"column":0},"end":{"line":35,"column":2}},"11":{"start":{"line":34,"column":1},"end":{"line":34,"column":16}},"12":{"start":{"line":40,"column":0},"end":{"line":42,"column":2}},"13":{"start":{"line":41,"column":1},"end":{"line":41,"column":43}},"14":{"start":{"line":47,"column":0},"end":{"line":49,"column":2}},"15":{"start":{"line":48,"column":1},"end":{"line":48,"column":23}},"16":{"start":{"line":54,"column":0},"end":{"line":56,"column":2}},"17":{"start":{"line":55,"column":1},"end":{"line":55,"column":21}},"18":{"start":{"line":58,"column":0},"end":{"line":58,"column":32}}},"branchMap":{}},"/Applications/XAMPP/xamppfiles/htdocs/assignment-5/backend/ProductsManager.js":{"path":"/Applications/XAMPP/xamppfiles/htdocs/assignment-5/backend/ProductsManager.js","s":{"1":1,"2":1,"3":1,"4":1,"5":7,"6":7,"7":3,"8":7,"9":2,"10":2,"11":0,"12":0,"13":2,"14":7,"15":2,"16":2,"17":0,"18":0,"19":2,"20":7,"21":7,"22":7,"23":1,"24":3,"25":3,"26":36,"27":36,"28":36,"29":3,"30":1,"31":1,"32":1,"33":1,"34":1,"35":0,"36":0,"37":0,"38":0,"39":0,"40":0,"41":0,"42":0,"43":0,"44":0,"45":0,"46":0,"47":0,"48":0,"49":0,"50":0,"51":0,"52":0,"53":0,"54":0,"55":0,"56":0,"57":0,"58":0,"59":0,"60":0,"61":0,"62":0,"63":0,"64":0,"65":0,"66":1},"b":{"1":[3,4],"2":[7,5],"3":[2,5],"4":[0,2],"5":[2,5],"6":[0,2],"7":[0,0],"8":[0,0,0,0],"9":[0,0],"10":[0,0],"11":[0,0]},"f":{"1":1,"2":7,"3":7,"4":3,"5":1,"6":1,"7":0,"8":0,"9":0,"10":0,"11":0,"12":0,"13":0},"fnMap":{"1":{"name":"(anonymous_1)","line":13,"loc":{"start":{"line":13,"column":22},"end":{"line":13,"column":41}}},"2":{"name":"(anonymous_2)","line":25,"loc":{"start":{"line":25,"column":43},"end":{"line":25,"column":82}}},"3":{"name":"(anonymous_3)","line":47,"loc":{"start":{"line":47,"column":41},"end":{"line":47,"column":65}}},"4":{"name":"(anonymous_4)","line":63,"loc":{"start":{"line":63,"column":31},"end":{"line":63,"column":50}}},"5":{"name":"(anonymous_5)","line":83,"loc":{"start":{"line":83,"column":53},"end":{"line":83,"column":102}}},"6":{"name":"(anonymous_6)","line":91,"loc":{"start":{"line":91,"column":4},"end":{"line":91,"column":26}}},"7":{"name":"(anonymous_7)","line":110,"loc":{"start":{"line":110,"column":37},"end":{"line":110,"column":63}}},"8":{"name":"(anonymous_8)","line":124,"loc":{"start":{"line":124,"column":12},"end":{"line":124,"column":33}}},"9":{"name":"(anonymous_9)","line":126,"loc":{"start":{"line":126,"column":33},"end":{"line":126,"column":55}}},"10":{"name":"(anonymous_10)","line":137,"loc":{"start":{"line":137,"column":12},"end":{"line":137,"column":33}}},"11":{"name":"(anonymous_11)","line":138,"loc":{"start":{"line":138,"column":33},"end":{"line":138,"column":49}}},"12":{"name":"(anonymous_12)","line":147,"loc":{"start":{"line":147,"column":64},"end":{"line":147,"column":78}}},"13":{"name":"(anonymous_13)","line":159,"loc":{"start":{"line":159,"column":15},"end":{"line":159,"column":26}}}},"statementMap":{"1":{"start":{"line":8,"column":0},"end":{"line":8,"column":40}},"2":{"start":{"line":13,"column":0},"end":{"line":16,"column":2}},"3":{"start":{"line":15,"column":1},"end":{"line":15,"column":26}},"4":{"start":{"line":25,"column":0},"end":{"line":50,"column":2}},"5":{"start":{"line":26,"column":1},"end":{"line":26,"column":17}},"6":{"start":{"line":27,"column":1},"end":{"line":29,"column":2}},"7":{"start":{"line":28,"column":2},"end":{"line":28,"column":20}},"8":{"start":{"line":30,"column":1},"end":{"line":37,"column":2}},"9":{"start":{"line":31,"column":2},"end":{"line":31,"column":30}},"10":{"start":{"line":32,"column":2},"end":{"line":35,"column":3}},"11":{"start":{"line":33,"column":3},"end":{"line":33,"column":55}},"12":{"start":{"line":34,"column":3},"end":{"line":34,"column":10}},"13":{"start":{"line":36,"column":2},"end":{"line":36,"column":31}},"14":{"start":{"line":38,"column":1},"end":{"line":45,"column":2}},"15":{"start":{"line":39,"column":2},"end":{"line":39,"column":30}},"16":{"start":{"line":40,"column":2},"end":{"line":43,"column":3}},"17":{"start":{"line":41,"column":3},"end":{"line":41,"column":55}},"18":{"start":{"line":42,"column":3},"end":{"line":42,"column":10}},"19":{"start":{"line":44,"column":2},"end":{"line":44,"column":31}},"20":{"start":{"line":46,"column":1},"end":{"line":46,"column":66}},"21":{"start":{"line":47,"column":1},"end":{"line":49,"column":4}},"22":{"start":{"line":48,"column":2},"end":{"line":48,"column":26}},"23":{"start":{"line":63,"column":0},"end":{"line":77,"column":2}},"24":{"start":{"line":64,"column":1},"end":{"line":64,"column":25}},"25":{"start":{"line":66,"column":1},"end":{"line":74,"column":2}},"26":{"start":{"line":67,"column":2},"end":{"line":67,"column":28}},"27":{"start":{"line":68,"column":2},"end":{"line":72,"column":4}},"28":{"start":{"line":73,"column":2},"end":{"line":73,"column":53}},"29":{"start":{"line":76,"column":1},"end":{"line":76,"column":23}},"30":{"start":{"line":83,"column":0},"end":{"line":94,"column":2}},"31":{"start":{"line":84,"column":1},"end":{"line":84,"column":66}},"32":{"start":{"line":85,"column":1},"end":{"line":93,"column":4}},"33":{"start":{"line":92,"column":2},"end":{"line":92,"column":24}},"34":{"start":{"line":110,"column":0},"end":{"line":162,"column":2}},"35":{"start":{"line":112,"column":1},"end":{"line":116,"column":2}},"36":{"start":{"line":114,"column":2},"end":{"line":114,"column":21}},"37":{"start":{"line":115,"column":2},"end":{"line":115,"column":9}},"38":{"start":{"line":118,"column":1},"end":{"line":118,"column":30}},"39":{"start":{"line":120,"column":1},"end":{"line":120,"column":18}},"40":{"start":{"line":121,"column":1},"end":{"line":121,"column":18}},"41":{"start":{"line":124,"column":1},"end":{"line":134,"column":4}},"42":{"start":{"line":125,"column":2},"end":{"line":125,"column":64}},"43":{"start":{"line":126,"column":2},"end":{"line":133,"column":5}},"44":{"start":{"line":127,"column":3},"end":{"line":131,"column":4}},"45":{"start":{"line":128,"column":4},"end":{"line":128,"column":16}},"46":{"start":{"line":129,"column":4},"end":{"line":129,"column":11}},"47":{"start":{"line":130,"column":4},"end":{"line":130,"column":11}},"48":{"start":{"line":132,"column":3},"end":{"line":132,"column":10}},"49":{"start":{"line":137,"column":1},"end":{"line":157,"column":4}},"50":{"start":{"line":138,"column":2},"end":{"line":155,"column":4}},"51":{"start":{"line":139,"column":3},"end":{"line":139,"column":46}},"52":{"start":{"line":140,"column":3},"end":{"line":143,"column":4}},"53":{"start":{"line":141,"column":4},"end":{"line":141,"column":11}},"54":{"start":{"line":142,"column":4},"end":{"line":142,"column":11}},"55":{"start":{"line":145,"column":3},"end":{"line":145,"column":41}},"56":{"start":{"line":146,"column":3},"end":{"line":146,"column":49}},"57":{"start":{"line":147,"column":3},"end":{"line":154,"column":6}},"58":{"start":{"line":148,"column":4},"end":{"line":152,"column":5}},"59":{"start":{"line":149,"column":5},"end":{"line":149,"column":12}},"60":{"start":{"line":150,"column":5},"end":{"line":150,"column":17}},"61":{"start":{"line":151,"column":5},"end":{"line":151,"column":12}},"62":{"start":{"line":153,"column":4},"end":{"line":153,"column":40}},"63":{"start":{"line":156,"column":2},"end":{"line":156,"column":30}},"64":{"start":{"line":159,"column":1},"end":{"line":161,"column":4}},"65":{"start":{"line":160,"column":2},"end":{"line":160,"column":22}},"66":{"start":{"line":164,"column":0},"end":{"line":164,"column":33}}},"branchMap":{"1":{"line":27,"type":"if","locations":[{"start":{"line":27,"column":1},"end":{"line":27,"column":1}},{"start":{"line":27,"column":1},"end":{"line":27,"column":1}}]},"2":{"line":27,"type":"binary-expr","locations":[{"start":{"line":27,"column":6},"end":{"line":27,"column":27}},{"start":{"line":27,"column":33},"end":{"line":27,"column":54}}]},"3":{"line":30,"type":"if","locations":[{"start":{"line":30,"column":1},"end":{"line":30,"column":1}},{"start":{"line":30,"column":1},"end":{"line":30,"column":1}}]},"4":{"line":32,"type":"if","locations":[{"start":{"line":32,"column":2},"end":{"line":32,"column":2}},{"start":{"line":32,"column":2},"end":{"line":32,"column":2}}]},"5":{"line":38,"type":"if","locations":[{"start":{"line":38,"column":1},"end":{"line":38,"column":1}},{"start":{"line":38,"column":1},"end":{"line":38,"column":1}}]},"6":{"line":40,"type":"if","locations":[{"start":{"line":40,"column":2},"end":{"line":40,"column":2}},{"start":{"line":40,"column":2},"end":{"line":40,"column":2}}]},"7":{"line":112,"type":"if","locations":[{"start":{"line":112,"column":1},"end":{"line":112,"column":1}},{"start":{"line":112,"column":1},"end":{"line":112,"column":1}}]},"8":{"line":112,"type":"binary-expr","locations":[{"start":{"line":112,"column":6},"end":{"line":112,"column":24}},{"start":{"line":112,"column":30},"end":{"line":112,"column":53}},{"start":{"line":112,"column":59},"end":{"line":112,"column":77}},{"start":{"line":113,"column":6},"end":{"line":113,"column":22}}]},"9":{"line":127,"type":"if","locations":[{"start":{"line":127,"column":3},"end":{"line":127,"column":3}},{"start":{"line":127,"column":3},"end":{"line":127,"column":3}}]},"10":{"line":140,"type":"if","locations":[{"start":{"line":140,"column":3},"end":{"line":140,"column":3}},{"start":{"line":140,"column":3},"end":{"line":140,"column":3}}]},"11":{"line":148,"type":"if","locations":[{"start":{"line":148,"column":4},"end":{"line":148,"column":4}},{"start":{"line":148,"column":4},"end":{"line":148,"column":4}}]}}}}