TN:
SF:/Applications/XAMPP/xamppfiles/htdocs/assignment-5/backend/DatabaseDriver.js
FN:12,(anonymous_1)
FN:21,(anonymous_2)
FN:24,(anonymous_3)
FN:33,(anonymous_4)
FN:40,(anonymous_5)
FN:47,(anonymous_6)
FN:54,(anonymous_7)
FNF:7
FNH:5
FNDA:1,(anonymous_1)
FNDA:1,(anonymous_2)
FNDA:1,(anonymous_3)
FNDA:0,(anonymous_4)
FNDA:8,(anonymous_5)
FNDA:1,(anonymous_6)
FNDA:0,(anonymous_7)
DA:6,1
DA:12,1
DA:14,1
DA:15,1
DA:21,1
DA:22,1
DA:24,1
DA:25,1
DA:26,1
DA:33,1
DA:34,0
DA:40,1
DA:41,8
DA:47,1
DA:48,1
DA:54,1
DA:55,0
DA:58,1
LF:18
LH:16
BRF:0
BRH:0
end_of_record
TN:
SF:/Applications/XAMPP/xamppfiles/htdocs/assignment-5/backend/ProductsManager.js
FN:13,(anonymous_1)
FN:25,(anonymous_2)
FN:47,(anonymous_3)
FN:63,(anonymous_4)
FN:83,(anonymous_5)
FN:91,(anonymous_6)
FN:110,(anonymous_7)
FN:124,(anonymous_8)
FN:126,(anonymous_9)
FN:137,(anonymous_10)
FN:138,(anonymous_11)
FN:147,(anonymous_12)
FN:159,(anonymous_13)
FNF:13
FNH:6
FNDA:1,(anonymous_1)
FNDA:7,(anonymous_2)
FNDA:7,(anonymous_3)
FNDA:3,(anonymous_4)
FNDA:1,(anonymous_5)
FNDA:1,(anonymous_6)
FNDA:0,(anonymous_7)
FNDA:0,(anonymous_8)
FNDA:0,(anonymous_9)
FNDA:0,(anonymous_10)
FNDA:0,(anonymous_11)
FNDA:0,(anonymous_12)
FNDA:0,(anonymous_13)
DA:8,1
DA:13,1
DA:15,1
DA:25,1
DA:26,7
DA:27,7
DA:28,3
DA:30,7
DA:31,2
DA:32,2
DA:33,0
DA:34,0
DA:36,2
DA:38,7
DA:39,2
DA:40,2
DA:41,0
DA:42,0
DA:44,2
DA:46,7
DA:47,7
DA:48,7
DA:63,1
DA:64,3
DA:66,3
DA:67,36
DA:68,36
DA:73,36
DA:76,3
DA:83,1
DA:84,1
DA:85,1
DA:92,1
DA:110,1
DA:112,0
DA:114,0
DA:115,0
DA:118,0
DA:120,0
DA:121,0
DA:124,0
DA:125,0
DA:126,0
DA:127,0
DA:128,0
DA:129,0
DA:130,0
DA:132,0
DA:137,0
DA:138,0
DA:139,0
DA:140,0
DA:141,0
DA:142,0
DA:145,0
DA:146,0
DA:147,0
DA:148,0
DA:149,0
DA:150,0
DA:151,0
DA:153,0
DA:156,0
DA:159,0
DA:160,0
DA:164,1
LF:66
LH:31
BRDA:27,1,0,3
BRDA:27,1,1,4
BRDA:27,2,0,7
BRDA:27,2,1,5
BRDA:30,3,0,2
BRDA:30,3,1,5
BRDA:32,4,0,0
BRDA:32,4,1,2
BRDA:38,5,0,2
BRDA:38,5,1,5
BRDA:40,6,0,0
BRDA:40,6,1,2
BRDA:112,7,0,0
BRDA:112,7,1,0
BRDA:112,8,0,0
BRDA:112,8,1,0
BRDA:112,8,2,0
BRDA:112,8,3,0
BRDA:127,9,0,0
BRDA:127,9,1,0
BRDA:140,10,0,0
BRDA:140,10,1,0
BRDA:148,11,0,0
BRDA:148,11,1,0
BRF:24
BRH:10
end_of_record
